#
# A fatal error has been detected by the Java Runtime Environment:
#
#  SIGSEGV (0xb) at pc=0x000000010e7ffa7b, pid=4607, tid=14083
#
# JRE version: Java(TM) SE Runtime Environment (15.0.2+7) (build 15.0.2+7-27)
# Java VM: Java HotSpot(TM) 64-Bit Server VM (15.0.2+7-27, mixed mode, sharing, tiered, compressed oops, g1 gc, bsd-amd64)
# Problematic frame:
# V  [libjvm.dylib+0x2fea7b]  ConstantPoolCache::adjust_method_entries(bool*)+0x5b
#
# No core dump will be written. Core dumps have been disabled. To enable core dumping, try "ulimit -c unlimited" before starting Java again
#
# If you would like to submit a bug report, please visit:
#   https://bugreport.java.com/bugreport/crash.jsp
#

---------------  S U M M A R Y ------------

Command Line: -XX:+ShowCodeDetailsInExceptionMessages -agentlib:jdwp=transport=dt_socket,suspend=y,address=localhost:54263 -javaagent:/Applications/Eclipse.app/Contents/Eclipse/configuration/org.eclipse.osgi/398/0/.cp/lib/javaagent-shaded.jar -Dfile.encoding=UTF-8 backjun.Word_study

Host: MacBookPro16,1 x86_64 2400 MHz, 16 cores, 16G, Darwin 20.3.0
Time: Thu Apr  8 04:16:17 2021 KST elapsed time: 3681.811325 seconds (0d 1h 1m 21s)

---------------  T H R E A D  ---------------

Current thread (0x00007fba6da3cb60):  VMThread "VM Thread" [stack: 0x00007000032aa000,0x00007000033aa000] [id=14083]

Stack: [0x00007000032aa000,0x00007000033aa000],  sp=0x00007000033a9870,  free space=1022k
Native frames: (J=compiled Java code, A=aot compiled Java code, j=interpreted, Vv=VM code, C=native code)
V  [libjvm.dylib+0x2fea7b]  ConstantPoolCache::adjust_method_entries(bool*)+0x5b
V  [libjvm.dylib+0x68e1e0]  VM_RedefineClasses::AdjustAndCleanMetadata::do_klass(Klass*)+0x140
V  [libjvm.dylib+0x299bdb]  ClassLoaderData::classes_do(KlassClosure*)+0x2b
V  [libjvm.dylib+0x29c6cd]  ClassLoaderDataGraph::classes_do(KlassClosure*)+0xed
V  [libjvm.dylib+0x686e87]  VM_RedefineClasses::doit()+0x137
V  [libjvm.dylib+0x9ff526]  VM_Operation::evaluate()+0xd6
V  [libjvm.dylib+0xa093af]  VMThread::evaluate_operation(VM_Operation*)+0xef
V  [libjvm.dylib+0xa08fd0]  VMThread::loop()+0x4b0
V  [libjvm.dylib+0xa089f3]  VMThread::run()+0x73
V  [libjvm.dylib+0x996411]  Thread::call_run()+0x71
V  [libjvm.dylib+0x828967]  thread_native_entry(Thread*)+0x197
C  [libsystem_pthread.dylib+0x6950]  _pthread_start+0xe0
C  [libsystem_pthread.dylib+0x247b]  thread_start+0xf


siginfo: si_signo: 11 (SIGSEGV), si_code: 1 (SEGV_MAPERR), si_addr: 0x000019c8000029cc

Register to memory mapping:

RAX=0x000019c8000029cc is an unknown value
RBX=0x00000001134885c8 is pointing into metadata
RCX=0x00007000033a9947 points into unknown readable memory: 01
RDX={method} {0x00000001134a2830} 'main' '([Ljava/lang/String;)V' in 'backjun/Word_study'
RSP=0x00007000033a9870 points into unknown readable memory: 0x00007000033a9947 | 47 99 3a 03 00 70 00 00
RBP=0x00007000033a98a0 points into unknown readable memory: 0x00007000033a9970 | 70 99 3a 03 00 70 00 00
RSI={method} {0x0000000113488558} 'main' '([Ljava/lang/String;)V' in 'backjun/Word_study'
RDI=0x000019c8000029cc is an unknown value
R8 =0x00000001134a1780 is pointing into metadata
R9 =0x00000001258ee198 is at entry_point+-8 in (nmethod*)0x00000001258edf90
R10=0x00000001258ee1b8 is at entry_point+24 in (nmethod*)0x00000001258edf90
R11=0x00000001258ee0e8 is at entry_point+-184 in (nmethod*)0x00000001258edf90
R12={method} {0x00000001134a2830} 'main' '([Ljava/lang/String;)V' in 'backjun/Word_study'
R13=0x00000001134886e8 is pointing into metadata
R14=0x0000000000000007 is an unknown value
R15={method} {0x0000000113488558} 'main' '([Ljava/lang/String;)V' in 'backjun/Word_study'


Registers:
RAX=0x000019c8000029cc, RBX=0x00000001134885c8, RCX=0x00007000033a9947, RDX=0x00000001134a2830
RSP=0x00007000033a9870, RBP=0x00007000033a98a0, RSI=0x0000000113488558, RDI=0x000019c8000029cc
R8 =0x00000001134a1780, R9 =0x00000001258ee198, R10=0x00000001258ee1b8, R11=0x00000001258ee0e8
R12=0x00000001134a2830, R13=0x00000001134886e8, R14=0x0000000000000007, R15=0x0000000113488558
RIP=0x000000010e7ffa7b, EFLAGS=0x0000000000010206, ERR=0x0000000000000004
  TRAPNO=0x000000000000000e

Top of Stack: (sp=0x00007000033a9870)
0x00007000033a9870:   00007000033a9947 0000000113488430
0x00007000033a9880:   00007000033a98e8 00007fba6da3aa48
0x00007000033a9890:   00007fba6da3ce80 0000000800b9ad38
0x00007000033a98a0:   00007000033a9970 000000010eb8f1e0
0x00007000033a98b0:   00007fba6da3cb60 00007fba6da3ceb0
0x00007000033a98c0:   00007fba6da3cef0 00007fba6da3cf28
0x00007000033a98d0:   00007fba6da3cfd8 00000000000000d8
0x00007000033a98e0:   00007000033a99a8 0000000800b9ad38
0x00007000033a98f0:   0000000000000000 00007fba00000000
0x00007000033a9900:   00000000000003d8 00000001258edf90
0x00007000033a9910:   0000000800b9ad38 00000005000001d0
0x00007000033a9920:   00007fba6da3a660 00007fba6da3a700
0x00007000033a9930:   00007000033a99c8 00000000000003d8
0x00007000033a9940:   01007000033a99b0 0000000800b9ad38
0x00007000033a9950:   000000010ef75f84 000000070fe17d58
0x00007000033a9960:   00007000033a9a70 00007000033a9a70
0x00007000033a9970:   00007000033a9990 000000010e79abdb
0x00007000033a9980:   00007fba6d918800 00007fba6da3ceb0
0x00007000033a9990:   00007000033a9a20 000000010e79d6cd
0x00007000033a99a0:   00007fba6d917500 00007fba6da3cb60
0x00007000033a99b0:   00007fba6da3ceb0 00007fba6da3cef0
0x00007000033a99c0:   00007fba6da3cf00 00007fba6da3cfd8
0x00007000033a99d0:   00000000000000d8 00007000033a9a38
0x00007000033a99e0:   00007fba6da3cf20 00007fba6da3cb60
0x00007000033a99f0:   0000700003fd0101 0000000000000001
0x00007000033a9a00:   000000010f11cd90 0000700003fd0a90
0x00007000033a9a10:   00007fba6da3cb60 0000000000000000
0x00007000033a9a20:   00007000033a9ac0 000000010eb87e87
0x00007000033a9a30:   000000000000000d 00007fba6da3cb60
0x00007000033a9a40:   00007fba6da3ceb0 00007fba6da3cef0
0x00007000033a9a50:   00007fba6da3cf00 00007fba6da3cfd8
0x00007000033a9a60:   00000000000000d8 00007000033a9c70 

Instructions: (pc=0x000000010e7ffa7b)
0x000000010e7ff97b:   c5 f9 ff 49 c7 44 24 10 00 00 00 00 4d 8b 74 24
0x000000010e7ff98b:   18 4d 85 f6 74 2c 41 8b 1e 31 c0 ff cb 0f 48 d8
0x000000010e7ff99b:   01 db 48 83 c3 0f 48 c1 eb 03 4c 89 ff e8 83 c3
0x000000010e7ff9ab:   f9 ff 31 c9 48 89 c7 4c 89 f6 48 89 da e8 43 33
0x000000010e7ff9bb:   4c 00 49 c7 44 24 18 00 00 00 00 5b 41 5c 41 5e
0x000000010e7ff9cb:   41 5f 5d c3 90 55 48 89 e5 8b 7f 20 85 ff 74 06
0x000000010e7ff9db:   5d e9 2f 26 17 00 31 c0 5d c3 66 66 2e 0f 1f 84
0x000000010e7ff9eb:   00 00 00 00 00 55 48 89 e5 48 85 f6 74 15 48 8d
0x000000010e7ff9fb:   05 18 66 8b 00 48 2b 30 8a 48 08 48 d3 ee 89 77
0x000000010e7ffa0b:   20 5d c3 31 f6 89 77 20 5d c3 66 66 2e 0f 1f 84
0x000000010e7ffa1b:   00 00 00 00 00 55 48 89 e5 41 57 41 56 41 55 41
0x000000010e7ffa2b:   54 53 50 48 89 75 d0 48 89 fb 83 3b 00 0f 8e 45
0x000000010e7ffa3b:   01 00 00 4c 8d 6b 40 45 31 f6 66 66 2e 0f 1f 84
0x000000010e7ffa4b:   00 00 00 00 00 49 8b 45 00 0f ba e0 1a 0f 82 12
0x000000010e7ffa5b:   01 00 00 49 8b 45 00 a9 00 00 10 00 75 37 49 8b
0x000000010e7ffa6b:   45 f0 48 83 f8 00 0f 84 f9 00 00 00 49 8b 7d f0
0x000000010e7ffa7b:   48 8b 07 ff 50 10 84 c0 74 1b 4d 8b 7d f0 4d 85
0x000000010e7ffa8b:   ff 75 1f e9 dd 00 00 00 66 66 66 66 2e 0f 1f 84
0x000000010e7ffa9b:   00 00 00 00 00 4d 8b 7d f8 4d 85 ff 0f 84 c3 00
0x000000010e7ffaab:   00 00 49 8b 07 4c 89 ff ff 50 10 84 c0 0f 84 b2
0x000000010e7ffabb:   00 00 00 41 8b 47 20 a9 00 00 01 00 0f 84 a3 00
0x000000010e7ffacb:   00 00 66 85 c0 78 47 49 8b 47 08 48 8b 48 08 48
0x000000010e7ffadb:   8b 79 18 0f b7 70 36 e8 39 fe 18 00 49 89 c4 49
0x000000010e7ffaeb:   8b 45 00 a9 00 00 10 00 75 46 49 8b 7d f0 48 8b
0x000000010e7ffafb:   07 ff 50 10 84 c0 74 4b 49 8b 45 f0 4c 39 f8 75
0x000000010e7ffb0b:   64 4d 89 65 f0 48 8d 3d b7 c7 78 00 eb 46 49 81
0x000000010e7ffb1b:   65 e8 ff ff 00 00 49 c7 45 f0 00 00 00 00 49 c7
0x000000010e7ffb2b:   45 00 00 00 00 00 49 8b 45 00 49 89 45 f8 eb 35
0x000000010e7ffb3b:   4d 3b 7d f8 75 2f 4d 89 65 f8 48 8d 3d 71 c7 78
0x000000010e7ffb4b:   00 eb 11 4d 3b 7d f8 75 1c 4d 89 65 f8 48 8d 3d
0x000000010e7ffb5b:   65 c7 78 00 4c 89 fe 4c 89 e2 48 8b 4d d0 e8 12
0x000000010e7ffb6b:   f4 ff ff 66 90 49 ff c6 48 63 03 49 83 c5 20 49 


Stack slot to memory mapping:
stack at sp + 0 slots: 0x00007000033a9947 points into unknown readable memory: 01
stack at sp + 1 slots: 0x0000000113488430 is pointing into metadata
stack at sp + 2 slots: 0x00007000033a98e8 points into unknown readable memory: 0x0000000800b9ad38 | 38 ad b9 00 08 00 00 00
stack at sp + 3 slots: 0x00007fba6da3aa48 points into unknown readable memory: 0x0000000000000000 | 00 00 00 00 00 00 00 00
stack at sp + 4 slots: 0x00007fba6da3ce80 points into unknown readable memory: 0x0000000000000002 | 02 00 00 00 00 00 00 00
stack at sp + 5 slots: 0x0000000800b9ad38 is a pointer to class: 
backjun.Word_study {0x0000000800b9ad38}
stack at sp + 6 slots: 0x00007000033a9970 points into unknown readable memory: 0x00007000033a9990 | 90 99 3a 03 00 70 00 00
stack at sp + 7 slots: 0x000000010eb8f1e0: _ZN18VM_RedefineClasses22AdjustAndCleanMetadata8do_klassEP5Klass+0x140 in /Library/Java/JavaVirtualMachines/jdk-15.0.2.jdk/Contents/Home/lib/server/libjvm.dylib at 0x000000010e501000

VM_Operation (0x0000700003fd0a90): RedefineClasses, mode: safepoint, requested by thread 0x00007fba6e00ba00, redefining class backjun.Word_study



---------------  P R O C E S S  ---------------

Threads class SMR info:
_java_thread_list=0x00007fba7000a1c0, length=13, elements={
0x00007fba6e808e00, 0x00007fba71008200, 0x00007fba7100aa00, 0x00007fba6e909800,
0x00007fba7100b600, 0x00007fba7100bc00, 0x00007fba6d008800, 0x00007fba6c815800,
0x00007fba7100c200, 0x00007fba6e00ba00, 0x00007fba6d009e00, 0x00007fba6e00aa00,
0x00007fba6e00ca00
}

Java Threads: ( => current thread )
  0x00007fba6e808e00 JavaThread "main" [_thread_in_native, id=9731, stack(0x0000700002c98000,0x0000700002d98000)]
  0x00007fba71008200 JavaThread "Reference Handler" daemon [_thread_blocked, id=14851, stack(0x00007000033ad000,0x00007000034ad000)]
  0x00007fba7100aa00 JavaThread "Finalizer" daemon [_thread_blocked, id=17155, stack(0x00007000034b0000,0x00007000035b0000)]
  0x00007fba6e909800 JavaThread "Signal Dispatcher" daemon [_thread_blocked, id=42499, stack(0x00007000036b9000,0x00007000037b9000)]
  0x00007fba7100b600 JavaThread "Service Thread" daemon [_thread_blocked, id=41731, stack(0x00007000037bc000,0x00007000038bc000)]
  0x00007fba7100bc00 JavaThread "C2 CompilerThread0" daemon [_thread_blocked, id=23555, stack(0x00007000038bf000,0x00007000039bf000)]
  0x00007fba6d008800 JavaThread "C1 CompilerThread0" daemon [_thread_blocked, id=23811, stack(0x00007000039c2000,0x0000700003ac2000)]
  0x00007fba6c815800 JavaThread "Sweeper thread" daemon [_thread_blocked, id=40195, stack(0x0000700003ac5000,0x0000700003bc5000)]
  0x00007fba7100c200 JavaThread "Common-Cleaner" daemon [_thread_blocked, id=39683, stack(0x0000700003bc8000,0x0000700003cc8000)]
  0x00007fba6e00ba00 JavaThread "JDWP Transport Listener: dt_socket" daemon [_thread_blocked, id=26627, stack(0x0000700003ed1000,0x0000700003fd1000)]
  0x00007fba6d009e00 JavaThread "JDWP Event Helper Thread" daemon [_thread_blocked, id=37891, stack(0x0000700003fd4000,0x00007000040d4000)]
  0x00007fba6e00aa00 JavaThread "JDWP Command Reader" daemon [_thread_in_native, id=37379, stack(0x00007000040d7000,0x00007000041d7000)]
  0x00007fba6e00ca00 JavaThread "Notification Thread" daemon [_thread_blocked, id=28675, stack(0x00007000042dd000,0x00007000043dd000)]

Other Threads:
=>0x00007fba6da3cb60 VMThread "VM Thread" [stack: 0x00007000032aa000,0x00007000033aa000] [id=14083]
  0x00007fba6c4307d0 WatcherThread [stack: 0x00007000043e0000,0x00007000044e0000] [id=28931]
  0x00007fba6da12c40 GCTaskThread "GC Thread#0" [stack: 0x0000700002d9b000,0x0000700002e9b000] [id=19971]
  0x00007fba70004630 ConcurrentGCThread "G1 Main Marker" [stack: 0x0000700002e9e000,0x0000700002f9e000] [id=19459]
  0x00007fba70005740 ConcurrentGCThread "G1 Conc#0" [stack: 0x0000700002fa1000,0x00007000030a1000] [id=19203]
  0x00007fba6da31190 ConcurrentGCThread "G1 Refine#0" [stack: 0x00007000030a4000,0x00007000031a4000] [id=18691]
  0x00007fba6c507ad0 ConcurrentGCThread "G1 Young RemSet Sampling" [stack: 0x00007000031a7000,0x00007000032a7000] [id=18435]

Threads with active compile tasks:

VM state: at safepoint (normal execution)

VM Mutex/Monitor currently owned by a thread:  ([mutex/lock_event])
[0x00007fba6d80b9c0] Threads_lock - owner thread: 0x00007fba6da3cb60

Heap address: 0x0000000700000000, size: 4096 MB, Compressed Oops mode: Zero based, Oop shift amount: 3
CDS archive(s) mapped at: [0x0000000800000000-0x0000000800b2d000-0x0000000800b2d000), size 11718656, SharedBaseAddress: 0x0000000800000000, ArchiveRelocationMode: 0.
Compressed class space mapped at: 0x0000000800b30000-0x0000000840b30000, size: 1073741824
Narrow klass base: 0x0000000800000000, Narrow klass shift: 3, Narrow klass range: 0x100000000

GC Precious Log:
 CPUs: 16 total, 16 available
 Memory: 16384M
 Large Page Support: Disabled
 NUMA Support: Disabled
 Compressed Oops: Enabled (Zero based)
 Heap Region Size: 2M
 Heap Min Capacity: 8M
 Heap Initial Capacity: 256M
 Heap Max Capacity: 4G
 Pre-touch: Disabled
 Parallel Workers: 13
 Concurrent Workers: 3
 Concurrent Refinement Workers: 13
 Periodic GC: Disabled

Heap:
 garbage-first heap   total 266240K, used 7976K [0x0000000700000000, 0x0000000800000000)
  region size 2048K, 4 young (8192K), 0 survivors (0K)
 Metaspace       used 3030K, capacity 4944K, committed 5120K, reserved 1056768K
  class space    used 290K, capacity 431K, committed 512K, reserved 1048576K

Heap Regions: E=young(eden), S=young(survivor), O=old, HS=humongous(starts), HC=humongous(continues), CS=collection set, F=free, OA=open archive, CA=closed archive, TAMS=top-at-mark-start (previous, next)
|   0|0x0000000700000000, 0x0000000700000000, 0x0000000700200000|  0%| F|  |TAMS 0x0000000700000000, 0x0000000700000000| Untracked 
|   1|0x0000000700200000, 0x0000000700200000, 0x0000000700400000|  0%| F|  |TAMS 0x0000000700200000, 0x0000000700200000| Untracked 
|   2|0x0000000700400000, 0x0000000700400000, 0x0000000700600000|  0%| F|  |TAMS 0x0000000700400000, 0x0000000700400000| Untracked 
|   3|0x0000000700600000, 0x0000000700600000, 0x0000000700800000|  0%| F|  |TAMS 0x0000000700600000, 0x0000000700600000| Untracked 
|   4|0x0000000700800000, 0x0000000700800000, 0x0000000700a00000|  0%| F|  |TAMS 0x0000000700800000, 0x0000000700800000| Untracked 
|   5|0x0000000700a00000, 0x0000000700a00000, 0x0000000700c00000|  0%| F|  |TAMS 0x0000000700a00000, 0x0000000700a00000| Untracked 
|   6|0x0000000700c00000, 0x0000000700c00000, 0x0000000700e00000|  0%| F|  |TAMS 0x0000000700c00000, 0x0000000700c00000| Untracked 
|   7|0x0000000700e00000, 0x0000000700e00000, 0x0000000701000000|  0%| F|  |TAMS 0x0000000700e00000, 0x0000000700e00000| Untracked 
|   8|0x0000000701000000, 0x0000000701000000, 0x0000000701200000|  0%| F|  |TAMS 0x0000000701000000, 0x0000000701000000| Untracked 
|   9|0x0000000701200000, 0x0000000701200000, 0x0000000701400000|  0%| F|  |TAMS 0x0000000701200000, 0x0000000701200000| Untracked 
|  10|0x0000000701400000, 0x0000000701400000, 0x0000000701600000|  0%| F|  |TAMS 0x0000000701400000, 0x0000000701400000| Untracked 
|  11|0x0000000701600000, 0x0000000701600000, 0x0000000701800000|  0%| F|  |TAMS 0x0000000701600000, 0x0000000701600000| Untracked 
|  12|0x0000000701800000, 0x0000000701800000, 0x0000000701a00000|  0%| F|  |TAMS 0x0000000701800000, 0x0000000701800000| Untracked 
|  13|0x0000000701a00000, 0x0000000701a00000, 0x0000000701c00000|  0%| F|  |TAMS 0x0000000701a00000, 0x0000000701a00000| Untracked 
|  14|0x0000000701c00000, 0x0000000701c00000, 0x0000000701e00000|  0%| F|  |TAMS 0x0000000701c00000, 0x0000000701c00000| Untracked 
|  15|0x0000000701e00000, 0x0000000701e00000, 0x0000000702000000|  0%| F|  |TAMS 0x0000000701e00000, 0x0000000701e00000| Untracked 
|  16|0x0000000702000000, 0x0000000702000000, 0x0000000702200000|  0%| F|  |TAMS 0x0000000702000000, 0x0000000702000000| Untracked 
|  17|0x0000000702200000, 0x0000000702200000, 0x0000000702400000|  0%| F|  |TAMS 0x0000000702200000, 0x0000000702200000| Untracked 
|  18|0x0000000702400000, 0x0000000702400000, 0x0000000702600000|  0%| F|  |TAMS 0x0000000702400000, 0x0000000702400000| Untracked 
|  19|0x0000000702600000, 0x0000000702600000, 0x0000000702800000|  0%| F|  |TAMS 0x0000000702600000, 0x0000000702600000| Untracked 
|  20|0x0000000702800000, 0x0000000702800000, 0x0000000702a00000|  0%| F|  |TAMS 0x0000000702800000, 0x0000000702800000| Untracked 
|  21|0x0000000702a00000, 0x0000000702a00000, 0x0000000702c00000|  0%| F|  |TAMS 0x0000000702a00000, 0x0000000702a00000| Untracked 
|  22|0x0000000702c00000, 0x0000000702c00000, 0x0000000702e00000|  0%| F|  |TAMS 0x0000000702c00000, 0x0000000702c00000| Untracked 
|  23|0x0000000702e00000, 0x0000000702e00000, 0x0000000703000000|  0%| F|  |TAMS 0x0000000702e00000, 0x0000000702e00000| Untracked 
|  24|0x0000000703000000, 0x0000000703000000, 0x0000000703200000|  0%| F|  |TAMS 0x0000000703000000, 0x0000000703000000| Untracked 
|  25|0x0000000703200000, 0x0000000703200000, 0x0000000703400000|  0%| F|  |TAMS 0x0000000703200000, 0x0000000703200000| Untracked 
|  26|0x0000000703400000, 0x0000000703400000, 0x0000000703600000|  0%| F|  |TAMS 0x0000000703400000, 0x0000000703400000| Untracked 
|  27|0x0000000703600000, 0x0000000703600000, 0x0000000703800000|  0%| F|  |TAMS 0x0000000703600000, 0x0000000703600000| Untracked 
|  28|0x0000000703800000, 0x0000000703800000, 0x0000000703a00000|  0%| F|  |TAMS 0x0000000703800000, 0x0000000703800000| Untracked 
|  29|0x0000000703a00000, 0x0000000703a00000, 0x0000000703c00000|  0%| F|  |TAMS 0x0000000703a00000, 0x0000000703a00000| Untracked 
|  30|0x0000000703c00000, 0x0000000703c00000, 0x0000000703e00000|  0%| F|  |TAMS 0x0000000703c00000, 0x0000000703c00000| Untracked 
|  31|0x0000000703e00000, 0x0000000703e00000, 0x0000000704000000|  0%| F|  |TAMS 0x0000000703e00000, 0x0000000703e00000| Untracked 
|  32|0x0000000704000000, 0x0000000704000000, 0x0000000704200000|  0%| F|  |TAMS 0x0000000704000000, 0x0000000704000000| Untracked 
|  33|0x0000000704200000, 0x0000000704200000, 0x0000000704400000|  0%| F|  |TAMS 0x0000000704200000, 0x0000000704200000| Untracked 
|  34|0x0000000704400000, 0x0000000704400000, 0x0000000704600000|  0%| F|  |TAMS 0x0000000704400000, 0x0000000704400000| Untracked 
|  35|0x0000000704600000, 0x0000000704600000, 0x0000000704800000|  0%| F|  |TAMS 0x0000000704600000, 0x0000000704600000| Untracked 
|  36|0x0000000704800000, 0x0000000704800000, 0x0000000704a00000|  0%| F|  |TAMS 0x0000000704800000, 0x0000000704800000| Untracked 
|  37|0x0000000704a00000, 0x0000000704a00000, 0x0000000704c00000|  0%| F|  |TAMS 0x0000000704a00000, 0x0000000704a00000| Untracked 
|  38|0x0000000704c00000, 0x0000000704c00000, 0x0000000704e00000|  0%| F|  |TAMS 0x0000000704c00000, 0x0000000704c00000| Untracked 
|  39|0x0000000704e00000, 0x0000000704e00000, 0x0000000705000000|  0%| F|  |TAMS 0x0000000704e00000, 0x0000000704e00000| Untracked 
|  40|0x0000000705000000, 0x0000000705000000, 0x0000000705200000|  0%| F|  |TAMS 0x0000000705000000, 0x0000000705000000| Untracked 
|  41|0x0000000705200000, 0x0000000705200000, 0x0000000705400000|  0%| F|  |TAMS 0x0000000705200000, 0x0000000705200000| Untracked 
|  42|0x0000000705400000, 0x0000000705400000, 0x0000000705600000|  0%| F|  |TAMS 0x0000000705400000, 0x0000000705400000| Untracked 
|  43|0x0000000705600000, 0x0000000705600000, 0x0000000705800000|  0%| F|  |TAMS 0x0000000705600000, 0x0000000705600000| Untracked 
|  44|0x0000000705800000, 0x0000000705800000, 0x0000000705a00000|  0%| F|  |TAMS 0x0000000705800000, 0x0000000705800000| Untracked 
|  45|0x0000000705a00000, 0x0000000705a00000, 0x0000000705c00000|  0%| F|  |TAMS 0x0000000705a00000, 0x0000000705a00000| Untracked 
|  46|0x0000000705c00000, 0x0000000705c00000, 0x0000000705e00000|  0%| F|  |TAMS 0x0000000705c00000, 0x0000000705c00000| Untracked 
|  47|0x0000000705e00000, 0x0000000705e00000, 0x0000000706000000|  0%| F|  |TAMS 0x0000000705e00000, 0x0000000705e00000| Untracked 
|  48|0x0000000706000000, 0x0000000706000000, 0x0000000706200000|  0%| F|  |TAMS 0x0000000706000000, 0x0000000706000000| Untracked 
|  49|0x0000000706200000, 0x0000000706200000, 0x0000000706400000|  0%| F|  |TAMS 0x0000000706200000, 0x0000000706200000| Untracked 
|  50|0x0000000706400000, 0x0000000706400000, 0x0000000706600000|  0%| F|  |TAMS 0x0000000706400000, 0x0000000706400000| Untracked 
|  51|0x0000000706600000, 0x0000000706600000, 0x0000000706800000|  0%| F|  |TAMS 0x0000000706600000, 0x0000000706600000| Untracked 
|  52|0x0000000706800000, 0x0000000706800000, 0x0000000706a00000|  0%| F|  |TAMS 0x0000000706800000, 0x0000000706800000| Untracked 
|  53|0x0000000706a00000, 0x0000000706a00000, 0x0000000706c00000|  0%| F|  |TAMS 0x0000000706a00000, 0x0000000706a00000| Untracked 
|  54|0x0000000706c00000, 0x0000000706c00000, 0x0000000706e00000|  0%| F|  |TAMS 0x0000000706c00000, 0x0000000706c00000| Untracked 
|  55|0x0000000706e00000, 0x0000000706e00000, 0x0000000707000000|  0%| F|  |TAMS 0x0000000706e00000, 0x0000000706e00000| Untracked 
|  56|0x0000000707000000, 0x0000000707000000, 0x0000000707200000|  0%| F|  |TAMS 0x0000000707000000, 0x0000000707000000| Untracked 
|  57|0x0000000707200000, 0x0000000707200000, 0x0000000707400000|  0%| F|  |TAMS 0x0000000707200000, 0x0000000707200000| Untracked 
|  58|0x0000000707400000, 0x0000000707400000, 0x0000000707600000|  0%| F|  |TAMS 0x0000000707400000, 0x0000000707400000| Untracked 
|  59|0x0000000707600000, 0x0000000707600000, 0x0000000707800000|  0%| F|  |TAMS 0x0000000707600000, 0x0000000707600000| Untracked 
|  60|0x0000000707800000, 0x0000000707800000, 0x0000000707a00000|  0%| F|  |TAMS 0x0000000707800000, 0x0000000707800000| Untracked 
|  61|0x0000000707a00000, 0x0000000707a00000, 0x0000000707c00000|  0%| F|  |TAMS 0x0000000707a00000, 0x0000000707a00000| Untracked 
|  62|0x0000000707c00000, 0x0000000707c00000, 0x0000000707e00000|  0%| F|  |TAMS 0x0000000707c00000, 0x0000000707c00000| Untracked 
|  63|0x0000000707e00000, 0x0000000707e00000, 0x0000000708000000|  0%| F|  |TAMS 0x0000000707e00000, 0x0000000707e00000| Untracked 
|  64|0x0000000708000000, 0x0000000708000000, 0x0000000708200000|  0%| F|  |TAMS 0x0000000708000000, 0x0000000708000000| Untracked 
|  65|0x0000000708200000, 0x0000000708200000, 0x0000000708400000|  0%| F|  |TAMS 0x0000000708200000, 0x0000000708200000| Untracked 
|  66|0x0000000708400000, 0x0000000708400000, 0x0000000708600000|  0%| F|  |TAMS 0x0000000708400000, 0x0000000708400000| Untracked 
|  67|0x0000000708600000, 0x0000000708600000, 0x0000000708800000|  0%| F|  |TAMS 0x0000000708600000, 0x0000000708600000| Untracked 
|  68|0x0000000708800000, 0x0000000708800000, 0x0000000708a00000|  0%| F|  |TAMS 0x0000000708800000, 0x0000000708800000| Untracked 
|  69|0x0000000708a00000, 0x0000000708a00000, 0x0000000708c00000|  0%| F|  |TAMS 0x0000000708a00000, 0x0000000708a00000| Untracked 
|  70|0x0000000708c00000, 0x0000000708c00000, 0x0000000708e00000|  0%| F|  |TAMS 0x0000000708c00000, 0x0000000708c00000| Untracked 
|  71|0x0000000708e00000, 0x0000000708e00000, 0x0000000709000000|  0%| F|  |TAMS 0x0000000708e00000, 0x0000000708e00000| Untracked 
|  72|0x0000000709000000, 0x0000000709000000, 0x0000000709200000|  0%| F|  |TAMS 0x0000000709000000, 0x0000000709000000| Untracked 
|  73|0x0000000709200000, 0x0000000709200000, 0x0000000709400000|  0%| F|  |TAMS 0x0000000709200000, 0x0000000709200000| Untracked 
|  74|0x0000000709400000, 0x0000000709400000, 0x0000000709600000|  0%| F|  |TAMS 0x0000000709400000, 0x0000000709400000| Untracked 
|  75|0x0000000709600000, 0x0000000709600000, 0x0000000709800000|  0%| F|  |TAMS 0x0000000709600000, 0x0000000709600000| Untracked 
|  76|0x0000000709800000, 0x0000000709800000, 0x0000000709a00000|  0%| F|  |TAMS 0x0000000709800000, 0x0000000709800000| Untracked 
|  77|0x0000000709a00000, 0x0000000709a00000, 0x0000000709c00000|  0%| F|  |TAMS 0x0000000709a00000, 0x0000000709a00000| Untracked 
|  78|0x0000000709c00000, 0x0000000709c00000, 0x0000000709e00000|  0%| F|  |TAMS 0x0000000709c00000, 0x0000000709c00000| Untracked 
|  79|0x0000000709e00000, 0x0000000709e00000, 0x000000070a000000|  0%| F|  |TAMS 0x0000000709e00000, 0x0000000709e00000| Untracked 
|  80|0x000000070a000000, 0x000000070a000000, 0x000000070a200000|  0%| F|  |TAMS 0x000000070a000000, 0x000000070a000000| Untracked 
|  81|0x000000070a200000, 0x000000070a200000, 0x000000070a400000|  0%| F|  |TAMS 0x000000070a200000, 0x000000070a200000| Untracked 
|  82|0x000000070a400000, 0x000000070a400000, 0x000000070a600000|  0%| F|  |TAMS 0x000000070a400000, 0x000000070a400000| Untracked 
|  83|0x000000070a600000, 0x000000070a600000, 0x000000070a800000|  0%| F|  |TAMS 0x000000070a600000, 0x000000070a600000| Untracked 
|  84|0x000000070a800000, 0x000000070a800000, 0x000000070aa00000|  0%| F|  |TAMS 0x000000070a800000, 0x000000070a800000| Untracked 
|  85|0x000000070aa00000, 0x000000070aa00000, 0x000000070ac00000|  0%| F|  |TAMS 0x000000070aa00000, 0x000000070aa00000| Untracked 
|  86|0x000000070ac00000, 0x000000070ac00000, 0x000000070ae00000|  0%| F|  |TAMS 0x000000070ac00000, 0x000000070ac00000| Untracked 
|  87|0x000000070ae00000, 0x000000070ae00000, 0x000000070b000000|  0%| F|  |TAMS 0x000000070ae00000, 0x000000070ae00000| Untracked 
|  88|0x000000070b000000, 0x000000070b000000, 0x000000070b200000|  0%| F|  |TAMS 0x000000070b000000, 0x000000070b000000| Untracked 
|  89|0x000000070b200000, 0x000000070b200000, 0x000000070b400000|  0%| F|  |TAMS 0x000000070b200000, 0x000000070b200000| Untracked 
|  90|0x000000070b400000, 0x000000070b400000, 0x000000070b600000|  0%| F|  |TAMS 0x000000070b400000, 0x000000070b400000| Untracked 
|  91|0x000000070b600000, 0x000000070b600000, 0x000000070b800000|  0%| F|  |TAMS 0x000000070b600000, 0x000000070b600000| Untracked 
|  92|0x000000070b800000, 0x000000070b800000, 0x000000070ba00000|  0%| F|  |TAMS 0x000000070b800000, 0x000000070b800000| Untracked 
|  93|0x000000070ba00000, 0x000000070ba00000, 0x000000070bc00000|  0%| F|  |TAMS 0x000000070ba00000, 0x000000070ba00000| Untracked 
|  94|0x000000070bc00000, 0x000000070bc00000, 0x000000070be00000|  0%| F|  |TAMS 0x000000070bc00000, 0x000000070bc00000| Untracked 
|  95|0x000000070be00000, 0x000000070be00000, 0x000000070c000000|  0%| F|  |TAMS 0x000000070be00000, 0x000000070be00000| Untracked 
|  96|0x000000070c000000, 0x000000070c000000, 0x000000070c200000|  0%| F|  |TAMS 0x000000070c000000, 0x000000070c000000| Untracked 
|  97|0x000000070c200000, 0x000000070c200000, 0x000000070c400000|  0%| F|  |TAMS 0x000000070c200000, 0x000000070c200000| Untracked 
|  98|0x000000070c400000, 0x000000070c400000, 0x000000070c600000|  0%| F|  |TAMS 0x000000070c400000, 0x000000070c400000| Untracked 
|  99|0x000000070c600000, 0x000000070c600000, 0x000000070c800000|  0%| F|  |TAMS 0x000000070c600000, 0x000000070c600000| Untracked 
| 100|0x000000070c800000, 0x000000070c800000, 0x000000070ca00000|  0%| F|  |TAMS 0x000000070c800000, 0x000000070c800000| Untracked 
| 101|0x000000070ca00000, 0x000000070ca00000, 0x000000070cc00000|  0%| F|  |TAMS 0x000000070ca00000, 0x000000070ca00000| Untracked 
| 102|0x000000070cc00000, 0x000000070cc00000, 0x000000070ce00000|  0%| F|  |TAMS 0x000000070cc00000, 0x000000070cc00000| Untracked 
| 103|0x000000070ce00000, 0x000000070ce00000, 0x000000070d000000|  0%| F|  |TAMS 0x000000070ce00000, 0x000000070ce00000| Untracked 
| 104|0x000000070d000000, 0x000000070d000000, 0x000000070d200000|  0%| F|  |TAMS 0x000000070d000000, 0x000000070d000000| Untracked 
| 105|0x000000070d200000, 0x000000070d200000, 0x000000070d400000|  0%| F|  |TAMS 0x000000070d200000, 0x000000070d200000| Untracked 
| 106|0x000000070d400000, 0x000000070d400000, 0x000000070d600000|  0%| F|  |TAMS 0x000000070d400000, 0x000000070d400000| Untracked 
| 107|0x000000070d600000, 0x000000070d600000, 0x000000070d800000|  0%| F|  |TAMS 0x000000070d600000, 0x000000070d600000| Untracked 
| 108|0x000000070d800000, 0x000000070d800000, 0x000000070da00000|  0%| F|  |TAMS 0x000000070d800000, 0x000000070d800000| Untracked 
| 109|0x000000070da00000, 0x000000070da00000, 0x000000070dc00000|  0%| F|  |TAMS 0x000000070da00000, 0x000000070da00000| Untracked 
| 110|0x000000070dc00000, 0x000000070dc00000, 0x000000070de00000|  0%| F|  |TAMS 0x000000070dc00000, 0x000000070dc00000| Untracked 
| 111|0x000000070de00000, 0x000000070de00000, 0x000000070e000000|  0%| F|  |TAMS 0x000000070de00000, 0x000000070de00000| Untracked 
| 112|0x000000070e000000, 0x000000070e000000, 0x000000070e200000|  0%| F|  |TAMS 0x000000070e000000, 0x000000070e000000| Untracked 
| 113|0x000000070e200000, 0x000000070e200000, 0x000000070e400000|  0%| F|  |TAMS 0x000000070e200000, 0x000000070e200000| Untracked 
| 114|0x000000070e400000, 0x000000070e400000, 0x000000070e600000|  0%| F|  |TAMS 0x000000070e400000, 0x000000070e400000| Untracked 
| 115|0x000000070e600000, 0x000000070e600000, 0x000000070e800000|  0%| F|  |TAMS 0x000000070e600000, 0x000000070e600000| Untracked 
| 116|0x000000070e800000, 0x000000070e800000, 0x000000070ea00000|  0%| F|  |TAMS 0x000000070e800000, 0x000000070e800000| Untracked 
| 117|0x000000070ea00000, 0x000000070ea00000, 0x000000070ec00000|  0%| F|  |TAMS 0x000000070ea00000, 0x000000070ea00000| Untracked 
| 118|0x000000070ec00000, 0x000000070ec00000, 0x000000070ee00000|  0%| F|  |TAMS 0x000000070ec00000, 0x000000070ec00000| Untracked 
| 119|0x000000070ee00000, 0x000000070ee00000, 0x000000070f000000|  0%| F|  |TAMS 0x000000070ee00000, 0x000000070ee00000| Untracked 
| 120|0x000000070f000000, 0x000000070f000000, 0x000000070f200000|  0%| F|  |TAMS 0x000000070f000000, 0x000000070f000000| Untracked 
| 121|0x000000070f200000, 0x000000070f200000, 0x000000070f400000|  0%| F|  |TAMS 0x000000070f200000, 0x000000070f200000| Untracked 
| 122|0x000000070f400000, 0x000000070f400000, 0x000000070f600000|  0%| F|  |TAMS 0x000000070f400000, 0x000000070f400000| Untracked 
| 123|0x000000070f600000, 0x000000070f600000, 0x000000070f800000|  0%| F|  |TAMS 0x000000070f600000, 0x000000070f600000| Untracked 
| 124|0x000000070f800000, 0x000000070f8ed348, 0x000000070fa00000| 46%| E|  |TAMS 0x000000070f800000, 0x000000070f800000| Complete 
| 125|0x000000070fa00000, 0x000000070fc00000, 0x000000070fc00000|100%| E|CS|TAMS 0x000000070fa00000, 0x000000070fa00000| Complete 
| 126|0x000000070fc00000, 0x000000070fe00000, 0x000000070fe00000|100%| E|CS|TAMS 0x000000070fc00000, 0x000000070fc00000| Complete 
| 127|0x000000070fe00000, 0x0000000710000000, 0x0000000710000000|100%| E|CS|TAMS 0x000000070fe00000, 0x000000070fe00000| Complete 
|1534|0x00000007bfc00000, 0x00000007bfd51000, 0x00000007bfe00000| 65%|OA|  |TAMS 0x00000007bfc00000, 0x00000007bfc00000| Untracked 
|1535|0x00000007bfe00000, 0x00000007bfe79000, 0x00000007c0000000| 23%|CA|  |TAMS 0x00000007bfe00000, 0x00000007bfe00000| Untracked 

Card table byte_map: [0x000000010ff74000,0x0000000110774000] _byte_map_base: 0x000000010c774000

Marking Bits (Prev, Next): (CMBitMap*) 0x00007fba6f808210, (CMBitMap*) 0x00007fba6f808250
 Prev Bits: [0x0000000134104000, 0x0000000138104000)
 Next Bits: [0x0000000138104000, 0x000000013c104000)

Polling page: 0x000000010f4ca000

Metaspace:

Usage:
  Non-class:      4.41 MB capacity,     2.68 MB ( 61%) used,     1.73 MB ( 39%) free+waste,     1.38 KB ( <1%) overhead. 
      Class:    431.00 KB capacity,   290.64 KB ( 67%) used,   139.61 KB ( 32%) free+waste,   768 bytes ( <1%) overhead. 
       Both:      4.83 MB capacity,     2.96 MB ( 61%) used,     1.87 MB ( 39%) free+waste,     2.12 KB ( <1%) overhead. 

Virtual space:
  Non-class space:        8.00 MB reserved,       4.50 MB ( 56%) committed 
      Class space:        1.00 GB reserved,     512.00 KB ( <1%) committed 
             Both:        1.01 GB reserved,       5.00 MB ( <1%) committed 

Chunk freelists:
   Non-Class:  47.00 KB
       Class:  17.00 KB
        Both:  64.00 KB

MaxMetaspaceSize: 17179869184.00 GB
CompressedClassSpaceSize: 1.00 GB

CodeHeap 'non-profiled nmethods': size=119168Kb used=150Kb max_used=150Kb free=119017Kb
 bounds [0x000000012cca4000, 0x000000012cf14000, 0x0000000134104000]
CodeHeap 'profiled nmethods': size=119164Kb used=678Kb max_used=678Kb free=118485Kb
 bounds [0x0000000125845000, 0x0000000125ab5000, 0x000000012cca4000]
CodeHeap 'non-nmethods': size=7428Kb used=1207Kb max_used=2345Kb free=6220Kb
 bounds [0x0000000125104000, 0x0000000125374000, 0x0000000125845000]
 total_blobs=891 nmethods=501 adapters=304
 compilation: enabled
              stopped_count=0, restarted_count=0
 full_count=0

Compilation events (20 events):
Event: 0.273 Thread 0x00007fba6d008800  494       3       java.util.ArrayList::elementData (7 bytes)
Event: 0.274 Thread 0x00007fba6d008800 nmethod 494 0x00000001258ece90 code [0x00000001258ed020, 0x00000001258ed150]
Event: 0.274 Thread 0x00007fba7100c800 nmethod 493 0x00000001258ed210 code [0x00000001258ed3e0, 0x00000001258ed700]
Event: 0.274 Thread 0x00007fba7100bc00 nmethod 471 0x000000012ccc7d90 code [0x000000012ccc7f20, 0x000000012ccc8478]
Event: 0.274 Thread 0x00007fba7100ce00  495       3       java.lang.invoke.MemberName::getReferenceKind (12 bytes)
Event: 0.275 Thread 0x00007fba7100ce00 nmethod 495 0x00000001258ed910 code [0x00000001258edaa0, 0x00000001258edbb0]
Event: 0.275 Thread 0x00007fba6d008800  497       3       jdk.internal.org.objectweb.asm.SymbolTable::addConstantUtf8Reference (101 bytes)
Event: 0.275 Thread 0x00007fba7100c800  496       3       jdk.internal.org.objectweb.asm.SymbolTable::addConstantClass (8 bytes)
Event: 0.275 Thread 0x00007fba7100c800 nmethod 496 0x00000001258edc10 code [0x00000001258edda0, 0x00000001258edee0]
Event: 0.275 Thread 0x00007fba6d008800 nmethod 497 0x00000001258edf90 code [0x00000001258ee1a0, 0x00000001258ee770]
Event: 0.276 Thread 0x00007fba6e909000  498       4       java.lang.StringUTF16::getChar (60 bytes)
Event: 0.276 Thread 0x00007fba6e909000 nmethod 498 0x000000012ccc8790 code [0x000000012ccc8900, 0x000000012ccc89d8]
Event: 1509.918 Thread 0x00007fba6d008800  499       1       sun.instrument.TransformerManager::getSnapshotTransformerList (5 bytes)
Event: 1509.918 Thread 0x00007fba6d008800 nmethod 499 0x000000012ccc8a90 code [0x000000012ccc8c20, 0x000000012ccc8cd0]
Event: 1948.262 Thread 0x00007fba6d008800  500       1       sun.instrument.TransformerManager$TransformerInfo::transformer (5 bytes)
Event: 1948.262 Thread 0x00007fba6d008800 nmethod 500 0x000000012ccc8d90 code [0x000000012ccc8f20, 0x000000012ccc8fd0]
Event: 3563.057 Thread 0x00007fba7100bc00  501       4       java.lang.StringUTF16::compress (50 bytes)
Event: 3563.079 Thread 0x00007fba7100bc00 nmethod 501 0x000000012ccc9090 code [0x000000012ccc9200, 0x000000012ccc96d8]
Event: 3563.080 Thread 0x00007fba7100bc00  502       4       org.eclipse.jdt.launching.internal.org.objectweb.asm.ClassReader::getItem (7 bytes)
Event: 3563.080 Thread 0x00007fba7100bc00 nmethod 502 0x000000012ccc9890 code [0x000000012ccc9a00, 0x000000012ccc9ad8]

GC Heap History (0 events):
No events

Deoptimization events (20 events):
Event: 0.252 Thread 0x00007fba6e808e00 DEOPT PACKING pc=0x00000001258c036b sp=0x0000700002d94910
Event: 0.252 Thread 0x00007fba6e808e00 DEOPT UNPACKING pc=0x0000000125151f2b sp=0x0000700002d93df8 mode 0
Event: 0.256 Thread 0x00007fba6e808e00 DEOPT PACKING pc=0x00000001258c036b sp=0x0000700002d92fa0
Event: 0.256 Thread 0x00007fba6e808e00 DEOPT UNPACKING pc=0x0000000125151f2b sp=0x0000700002d92488 mode 0
Event: 0.257 Thread 0x00007fba6e808e00 DEOPT PACKING pc=0x00000001258c036b sp=0x0000700002d92fa0
Event: 0.257 Thread 0x00007fba6e808e00 DEOPT UNPACKING pc=0x0000000125151f2b sp=0x0000700002d92488 mode 0
Event: 0.257 Thread 0x00007fba6e808e00 DEOPT PACKING pc=0x00000001258c036b sp=0x0000700002d92fa0
Event: 0.257 Thread 0x00007fba6e808e00 DEOPT UNPACKING pc=0x0000000125151f2b sp=0x0000700002d92488 mode 0
Event: 0.264 Thread 0x00007fba6e808e00 Uncommon trap: trap_request=0xffffff45 fr.pc=0x000000012ccadad0 relative=0x00000000000001d0
Event: 0.264 Thread 0x00007fba6e808e00 Uncommon trap: reason=unstable_if action=reinterpret pc=0x000000012ccadad0 method=java.lang.String.hashCode()I @ 42 c2
Event: 0.264 Thread 0x00007fba6e808e00 DEOPT PACKING pc=0x000000012ccadad0 sp=0x0000700002d951a0
Event: 0.264 Thread 0x00007fba6e808e00 DEOPT UNPACKING pc=0x0000000125152125 sp=0x0000700002d95158 mode 2
Event: 0.275 Thread 0x00007fba6e808e00 Uncommon trap: trap_request=0xffffff45 fr.pc=0x000000012ccb505c relative=0x000000000000005c
Event: 0.275 Thread 0x00007fba6e808e00 Uncommon trap: reason=unstable_if action=reinterpret pc=0x000000012ccb505c method=java.lang.String.isLatin1()Z @ 10 c2
Event: 0.275 Thread 0x00007fba6e808e00 DEOPT PACKING pc=0x000000012ccb505c sp=0x0000700002d97410
Event: 0.275 Thread 0x00007fba6e808e00 DEOPT UNPACKING pc=0x0000000125152125 sp=0x0000700002d973d0 mode 2
Event: 0.275 Thread 0x00007fba6e808e00 Uncommon trap: trap_request=0xffffff45 fr.pc=0x000000012ccb74c4 relative=0x0000000000000044
Event: 0.275 Thread 0x00007fba6e808e00 Uncommon trap: reason=unstable_if action=reinterpret pc=0x000000012ccb74c4 method=java.lang.CharacterData.of(I)Ljava/lang/CharacterData; @ 4 c2
Event: 0.275 Thread 0x00007fba6e808e00 DEOPT PACKING pc=0x000000012ccb74c4 sp=0x0000700002d96f40
Event: 0.275 Thread 0x00007fba6e808e00 DEOPT UNPACKING pc=0x0000000125152125 sp=0x0000700002d96f00 mode 2

Classes unloaded (0 events):
No events

Classes redefined (9 events):
Event: 208.502 Thread 0x00007fba6da3cb60 redefined class name=backjun.Word_study, count=1
Event: 412.878 Thread 0x00007fba6da3cb60 redefined class name=backjun.Word_study, count=2
Event: 505.794 Thread 0x00007fba6da3cb60 redefined class name=backjun.Word_study, count=3
Event: 546.178 Thread 0x00007fba6da3cb60 redefined class name=backjun.Word_study, count=4
Event: 1509.919 Thread 0x00007fba6da3cb60 redefined class name=backjun.Word_study, count=5
Event: 1948.262 Thread 0x00007fba6da3cb60 redefined class name=backjun.Word_study, count=6
Event: 3208.557 Thread 0x00007fba6da3cb60 redefined class name=backjun.Word_study, count=7
Event: 3563.057 Thread 0x00007fba6da3cb60 redefined class name=backjun.Word_study, count=8
Event: 3681.805 Thread 0x00007fba6da3cb60 redefined class name=backjun.Word_study, count=9

Internal exceptions (4 events):
Event: 0.159 Thread 0x00007fba6e808e00 Implicit null exception at 0x000000012ccb1935 to 0x000000012ccb1a9c
Event: 0.173 Thread 0x00007fba6e808e00 Exception <a 'java/lang/NoSuchMethodError'{0x000000070ffb7998}: 'void java.lang.invoke.DirectMethodHandle$Holder.invokeStatic(java.lang.Object, java.lang.Object)'> (0x000000070ffb7998) 
thrown [./open/src/hotspot/share/interpreter/linkResolver.cpp, line 782]
Event: 0.173 Thread 0x00007fba6e808e00 Exception <a 'java/lang/NoSuchMethodError'{0x000000070ffbb518}: 'void java.lang.invoke.DirectMethodHandle$Holder.invokeStaticInit(java.lang.Object, java.lang.Object)'> (0x000000070ffbb518) 
thrown [./open/src/hotspot/share/interpreter/linkResolver.cpp, line 782]
Event: 0.229 Thread 0x00007fba6e808e00 Exception <a 'java/lang/NoSuchMethodError'{0x000000070fa6f468}: 'java.lang.Object java.lang.invoke.DirectMethodHandle$Holder.invokeStatic(java.lang.Object)'> (0x000000070fa6f468) 
thrown [./open/src/hotspot/share/interpreter/linkResolver.cpp, line 782]

Events (20 events):
Event: 546.179 Executing VM operation: RedefineClasses done
Event: 1509.918 Executing VM operation: RedefineClasses
Event: 1509.920 Executing VM operation: RedefineClasses done
Event: 1948.262 Executing VM operation: RedefineClasses
Event: 1948.263 Executing VM operation: RedefineClasses done
Event: 3208.553 Executing VM operation: RedefineClasses
Event: 3208.563 Executing VM operation: RedefineClasses done
Event: 3550.015 Executing VM operation: ChangeBreakpoints
Event: 3550.016 Executing VM operation: ChangeBreakpoints done
Event: 3553.530 Executing VM operation: ChangeBreakpoints
Event: 3553.531 Executing VM operation: ChangeBreakpoints done
Event: 3563.057 Executing VM operation: RedefineClasses
Event: 3563.061 Executing VM operation: RedefineClasses done
Event: 3563.068 Executing VM operation: ChangeBreakpoints
Event: 3563.069 Executing VM operation: ChangeBreakpoints done
Event: 3563.078 Executing VM operation: ChangeBreakpoints
Event: 3563.079 Executing VM operation: ChangeBreakpoints done
Event: 3563.079 Executing VM operation: ChangeBreakpoints
Event: 3563.079 Executing VM operation: ChangeBreakpoints done
Event: 3681.804 Executing VM operation: RedefineClasses


Dynamic libraries:
0x00007fff2a641000 	/usr/lib/libz.1.dylib
0x000000010e4cc000 	/Library/Java/JavaVirtualMachines/jdk-15.0.2.jdk/Contents/Home/lib/libjli.dylib
0x00007fff35193000 	/System/Library/Frameworks/Cocoa.framework/Versions/A/Cocoa
0x00007fff223b8000 	/System/Library/Frameworks/Security.framework/Versions/A/Security
0x00007fff33390000 	/System/Library/Frameworks/ApplicationServices.framework/Versions/A/ApplicationServices
0x00007fff2a709000 	/usr/lib/libSystem.B.dylib
0x00007fff2a703000 	/usr/lib/system/libcache.dylib
0x00007fff2a6bf000 	/usr/lib/system/libcommonCrypto.dylib
0x00007fff2a6e9000 	/usr/lib/system/libcompiler_rt.dylib
0x00007fff2a6de000 	/usr/lib/system/libcopyfile.dylib
0x00007fff2028c000 	/usr/lib/system/libcorecrypto.dylib
0x00007fff20359000 	/usr/lib/system/libdispatch.dylib
0x00007fff2050d000 	/usr/lib/system/libdyld.dylib
0x00007fff2a6fa000 	/usr/lib/system/libkeymgr.dylib
0x00007fff2db42000 	/usr/lib/system/liblaunch.dylib
0x00007fff2a69d000 	/usr/lib/system/libmacho.dylib
0x00007fff29eb7000 	/usr/lib/system/libquarantine.dylib
0x00007fff2a6f7000 	/usr/lib/system/libremovefile.dylib
0x00007fff24d4f000 	/usr/lib/system/libsystem_asl.dylib
0x00007fff2023c000 	/usr/lib/system/libsystem_blocks.dylib
0x00007fff203da000 	/usr/lib/system/libsystem_c.dylib
0x00007fff2a6f1000 	/usr/lib/system/libsystem_collections.dylib
0x00007fff291ab000 	/usr/lib/system/libsystem_configuration.dylib
0x00007fff2849e000 	/usr/lib/system/libsystem_containermanager.dylib
0x00007fff2a439000 	/usr/lib/system/libsystem_coreservices.dylib
0x00007fff2296c000 	/usr/lib/system/libsystem_darwin.dylib
0x00007fff2a6fb000 	/usr/lib/system/libsystem_dnssd.dylib
0x00007fff203d7000 	/usr/lib/system/libsystem_featureflags.dylib
0x00007fff20552000 	/usr/lib/system/libsystem_info.dylib
0x00007fff2a654000 	/usr/lib/system/libsystem_m.dylib
0x00007fff2032c000 	/usr/lib/system/libsystem_malloc.dylib
0x00007fff24ce3000 	/usr/lib/system/libsystem_networkextension.dylib
0x00007fff22d87000 	/usr/lib/system/libsystem_notify.dylib
0x00007fff2fff6000 	/usr/lib/system/libsystem_product_info_filter.dylib
0x00007fff291af000 	/usr/lib/system/libsystem_sandbox.dylib
0x00007fff2a6f4000 	/usr/lib/system/libsystem_secinit.dylib
0x00007fff204d2000 	/usr/lib/system/libsystem_kernel.dylib
0x00007fff20548000 	/usr/lib/system/libsystem_platform.dylib
0x00007fff20501000 	/usr/lib/system/libsystem_pthread.dylib
0x00007fff2644e000 	/usr/lib/system/libsystem_symptoms.dylib
0x00007fff20274000 	/usr/lib/system/libsystem_trace.dylib
0x00007fff2a6cb000 	/usr/lib/system/libunwind.dylib
0x00007fff2023e000 	/usr/lib/system/libxpc.dylib
0x00007fff204b9000 	/usr/lib/libc++abi.dylib
0x00007fff2039e000 	/usr/lib/libobjc.A.dylib
0x00007fff2a6d6000 	/usr/lib/liboah.dylib
0x00007fff20463000 	/usr/lib/libc++.1.dylib
0x00007fff2057e000 	/System/Library/Frameworks/CoreFoundation.framework/Versions/A/CoreFoundation
0x00007fff2132b000 	/System/Library/Frameworks/Foundation.framework/Versions/C/Foundation
0x00007fff22ddf000 	/System/Library/Frameworks/AppKit.framework/Versions/C/AppKit
0x00007fff25c77000 	/System/Library/Frameworks/CoreData.framework/Versions/A/CoreData
0x00007fff23b42000 	/System/Library/PrivateFrameworks/UIFoundation.framework/Versions/A/UIFoundation
0x00007fff2fd6f000 	/System/Library/PrivateFrameworks/RemoteViewServices.framework/Versions/A/RemoteViewServices
0x00007fff28b68000 	/System/Library/PrivateFrameworks/XCTTargetBootstrap.framework/Versions/A/XCTTargetBootstrap
0x00007fff2b849000 	/usr/lib/libspindump.dylib
0x00007fff23d97000 	/System/Library/Frameworks/UniformTypeIdentifiers.framework/Versions/A/UniformTypeIdentifiers
0x00007fff2733e000 	/usr/lib/libapp_launch_measurement.dylib
0x00007fff27341000 	/System/Library/PrivateFrameworks/CoreAutoLayout.framework/Versions/A/CoreAutoLayout
0x00007fff284ca000 	/System/Library/Frameworks/Metal.framework/Versions/A/Metal
0x00007fff291ba000 	/usr/lib/liblangid.dylib
0x00007fff28b6c000 	/System/Library/PrivateFrameworks/CoreSVG.framework/Versions/A/CoreSVG
0x00007fff24d7e000 	/System/Library/PrivateFrameworks/SkyLight.framework/Versions/A/SkyLight
0x00007fff250e5000 	/System/Library/Frameworks/CoreGraphics.framework/Versions/A/CoreGraphics
0x00007fff303c6000 	/System/Library/Frameworks/Accelerate.framework/Versions/A/Accelerate
0x00007fff2b284000 	/System/Library/PrivateFrameworks/IconServices.framework/Versions/A/IconServices
0x00007fff284af000 	/System/Library/Frameworks/IOSurface.framework/Versions/A/IOSurface
0x00007fff26600000 	/usr/lib/libDiagnosticMessagesClient.dylib
0x00007fff28b54000 	/System/Library/PrivateFrameworks/DFRFoundation.framework/Versions/A/DFRFoundation
0x00007fff2270a000 	/usr/lib/libicucore.A.dylib
0x00007fff2cd90000 	/System/Library/Frameworks/AudioToolbox.framework/Versions/A/AudioToolbox
0x00007fff2c035000 	/System/Library/PrivateFrameworks/DataDetectorsCore.framework/Versions/A/DataDetectorsCore
0x00007fff28854000 	/System/Library/Frameworks/Carbon.framework/Versions/A/Frameworks/HIToolbox.framework/Versions/A/HIToolbox
0x00007fff26d99000 	/System/Library/Frameworks/QuartzCore.framework/Versions/A/QuartzCore
0x00007fff2fdab000 	/System/Library/Frameworks/Carbon.framework/Versions/A/Frameworks/SpeechRecognition.framework/Versions/A/SpeechRecognition
0x00007fff270a6000 	/System/Library/PrivateFrameworks/CoreUI.framework/Versions/A/CoreUI
0x00007fff21d13000 	/System/Library/Frameworks/CoreAudio.framework/Versions/A/CoreAudio
0x00007fff266eb000 	/System/Library/Frameworks/DiskArbitration.framework/Versions/A/DiskArbitration
0x00007fff2bc44000 	/System/Library/PrivateFrameworks/MultitouchSupport.framework/Versions/A/MultitouchSupport
0x00007fff2c02c000 	/System/Library/PrivateFrameworks/InternationalSupport.framework/Versions/A/InternationalSupport
0x00007fff24cf2000 	/usr/lib/libenergytrace.dylib
0x00007fff22cd8000 	/System/Library/Frameworks/IOKit.framework/Versions/A/IOKit
0x00007fff300f8000 	/System/Library/Frameworks/CoreServices.framework/Versions/A/CoreServices
0x00007fff272d4000 	/System/Library/PrivateFrameworks/PerformanceAnalysis.framework/Versions/A/PerformanceAnalysis
0x00007fff6ca62000 	/System/Library/Frameworks/OpenGL.framework/Versions/A/OpenGL
0x00007fff2c0b1000 	/System/Library/PrivateFrameworks/UserActivity.framework/Versions/A/UserActivity
0x00007fff25779000 	/System/Library/Frameworks/ColorSync.framework/Versions/A/ColorSync
0x00007fff28dd1000 	/System/Library/Frameworks/CoreImage.framework/Versions/A/CoreImage
0x00007fff21b2a000 	/System/Library/Frameworks/CoreText.framework/Versions/A/CoreText
0x00007fff28b96000 	/System/Library/Frameworks/ImageIO.framework/Versions/A/ImageIO
0x00007fff2a70f000 	/System/Library/PrivateFrameworks/SoftLinking.framework/Versions/A/SoftLinking
0x00007fff2738a000 	/usr/lib/libxml2.2.dylib
0x00007fff2a981000 	/usr/lib/libcompression.dylib
0x00007fff24cf3000 	/usr/lib/libMobileGestalt.dylib
0x00007fff2bf5f000 	/System/Library/PrivateFrameworks/TextureIO.framework/Versions/A/TextureIO
0x00007fff2afa7000 	/usr/lib/libate.dylib
0x00007fff2ad8c000 	/usr/lib/liblzma.5.dylib
0x00007fff2103f000 	/System/Library/Frameworks/SystemConfiguration.framework/Versions/A/SystemConfiguration
0x00007fff2a70b000 	/usr/lib/libfakelink.dylib
0x00007fff24845000 	/System/Library/Frameworks/CFNetwork.framework/Versions/A/CFNetwork
0x00007fff2a84b000 	/usr/lib/libarchive.2.dylib
0x00007fff210bd000 	/usr/lib/libCRFSuite.dylib
0x00007fff29ede000 	/usr/lib/libbsm.0.dylib
0x00007fff24201000 	/usr/lib/libnetwork.dylib
0x00007fff2a710000 	/usr/lib/libpcap.A.dylib
0x00007fff26447000 	/usr/lib/libdns_services.dylib
0x00007fff2ada5000 	/usr/lib/libcoretls_cfhelpers.dylib
0x00007fff2a94f000 	/usr/lib/libapple_nghttp2.dylib
0x00007fff2a6a3000 	/usr/lib/system/libkxld.dylib
0x00007fff260ad000 	/usr/lib/libsqlite3.dylib
0x00007fff2a41b000 	/System/Library/PrivateFrameworks/AppleFSCompression.framework/Versions/A/AppleFSCompression
0x00007fff29ec6000 	/usr/lib/libcoretls.dylib
0x00007fff2a97c000 	/usr/lib/libpam.2.dylib
0x00007fff2aea2000 	/usr/lib/libxar.1.dylib
0x00007fff291b6000 	/System/Library/PrivateFrameworks/AppleSystemInfo.framework/Versions/A/AppleSystemInfo
0x00007fff29b09000 	/System/Library/PrivateFrameworks/IOMobileFramebuffer.framework/Versions/A/IOMobileFramebuffer
0x00007fff2a42b000 	/usr/lib/libbz2.1.0.dylib
0x00007fff2a748000 	/usr/lib/libiconv.2.dylib
0x00007fff2a69c000 	/usr/lib/libcharset.1.dylib
0x00007fff27310000 	/System/Library/Frameworks/CoreServices.framework/Versions/A/Frameworks/FSEvents.framework/Versions/A/FSEvents
0x00007fff22976000 	/System/Library/Frameworks/CoreServices.framework/Versions/A/Frameworks/CarbonCore.framework/Versions/A/CarbonCore
0x00007fff26650000 	/System/Library/Frameworks/CoreServices.framework/Versions/A/Frameworks/Metadata.framework/Versions/A/Metadata
0x00007fff2a43e000 	/System/Library/Frameworks/CoreServices.framework/Versions/A/Frameworks/OSServices.framework/Versions/A/OSServices
0x00007fff2a8bd000 	/System/Library/Frameworks/CoreServices.framework/Versions/A/Frameworks/SearchKit.framework/Versions/A/SearchKit
0x00007fff263d1000 	/System/Library/Frameworks/CoreServices.framework/Versions/A/Frameworks/AE.framework/Versions/A/AE
0x00007fff20a1a000 	/System/Library/Frameworks/CoreServices.framework/Versions/A/Frameworks/LaunchServices.framework/Versions/A/LaunchServices
0x00007fff2ad3d000 	/System/Library/Frameworks/CoreServices.framework/Versions/A/Frameworks/DictionaryServices.framework/Versions/A/DictionaryServices
0x00007fff27319000 	/System/Library/Frameworks/CoreServices.framework/Versions/A/Frameworks/SharedFileList.framework/Versions/A/SharedFileList
0x00007fff29eba000 	/usr/lib/libCheckFix.dylib
0x00007fff24d66000 	/System/Library/PrivateFrameworks/TCC.framework/Versions/A/TCC
0x00007fff291bc000 	/System/Library/PrivateFrameworks/CoreNLP.framework/Versions/A/CoreNLP
0x00007fff26603000 	/System/Library/PrivateFrameworks/MetadataUtilities.framework/Versions/A/MetadataUtilities
0x00007fff210f3000 	/usr/lib/libmecabra.dylib
0x00007fff2a1cd000 	/System/Library/Frameworks/MLCompute.framework/Versions/A/MLCompute
0x00007fff29eef000 	/usr/lib/libmecab.dylib
0x00007fff29f39000 	/usr/lib/libgermantok.dylib
0x00007fff2a925000 	/usr/lib/libThaiTokenizer.dylib
0x00007fff2aedd000 	/usr/lib/libChineseTokenizer.dylib
0x00007fff2a97a000 	/System/Library/Frameworks/MetalPerformanceShaders.framework/Versions/A/MetalPerformanceShaders
0x00007fff266f2000 	/System/Library/Frameworks/Accelerate.framework/Versions/A/Frameworks/vImage.framework/Versions/A/vImage
0x00007fff300d1000 	/System/Library/Frameworks/Accelerate.framework/Versions/A/Frameworks/vecLib.framework/Versions/A/vecLib
0x00007fff2aee8000 	/System/Library/Frameworks/Accelerate.framework/Versions/A/Frameworks/vecLib.framework/Versions/A/libvMisc.dylib
0x00007fff29922000 	/System/Library/Frameworks/Accelerate.framework/Versions/A/Frameworks/vecLib.framework/Versions/A/libvDSP.dylib
0x00007fff20d1e000 	/System/Library/Frameworks/Accelerate.framework/Versions/A/Frameworks/vecLib.framework/Versions/A/libBLAS.dylib
0x00007fff2a9a0000 	/System/Library/Frameworks/Accelerate.framework/Versions/A/Frameworks/vecLib.framework/Versions/A/libLAPACK.dylib
0x00007fff29f3f000 	/System/Library/Frameworks/Accelerate.framework/Versions/A/Frameworks/vecLib.framework/Versions/A/libLinearAlgebra.dylib
0x00007fff2a967000 	/System/Library/Frameworks/Accelerate.framework/Versions/A/Frameworks/vecLib.framework/Versions/A/libSparseBLAS.dylib
0x00007fff2a99a000 	/System/Library/Frameworks/Accelerate.framework/Versions/A/Frameworks/vecLib.framework/Versions/A/libQuadrature.dylib
0x00007fff29264000 	/System/Library/Frameworks/Accelerate.framework/Versions/A/Frameworks/vecLib.framework/Versions/A/libBNNS.dylib
0x00007fff20fd0000 	/System/Library/Frameworks/Accelerate.framework/Versions/A/Frameworks/vecLib.framework/Versions/A/libSparse.dylib
0x00007fff2914f000 	/System/Library/Frameworks/MetalPerformanceShaders.framework/Versions/A/Frameworks/MPSCore.framework/Versions/A/MPSCore
0x00007fff2a38a000 	/System/Library/Frameworks/MetalPerformanceShaders.framework/Versions/A/Frameworks/MPSImage.framework/Versions/A/MPSImage
0x00007fff29f55000 	/System/Library/Frameworks/MetalPerformanceShaders.framework/Versions/A/Frameworks/MPSNeuralNetwork.framework/Versions/A/MPSNeuralNetwork
0x00007fff2a315000 	/System/Library/Frameworks/MetalPerformanceShaders.framework/Versions/A/Frameworks/MPSMatrix.framework/Versions/A/MPSMatrix
0x00007fff2a17d000 	/System/Library/Frameworks/MetalPerformanceShaders.framework/Versions/A/Frameworks/MPSRayIntersector.framework/Versions/A/MPSRayIntersector
0x00007fff2a34c000 	/System/Library/Frameworks/MetalPerformanceShaders.framework/Versions/A/Frameworks/MPSNDArray.framework/Versions/A/MPSNDArray
0x00007fff20c4a000 	/System/Library/PrivateFrameworks/MetalTools.framework/Versions/A/MetalTools
0x00007fff291b4000 	/System/Library/PrivateFrameworks/AggregateDictionary.framework/Versions/A/AggregateDictionary
0x00007fff265db000 	/System/Library/PrivateFrameworks/CoreAnalytics.framework/Versions/A/CoreAnalytics
0x00007fff2a927000 	/System/Library/PrivateFrameworks/AppleSauce.framework/Versions/A/AppleSauce
0x00007fff284c1000 	/System/Library/PrivateFrameworks/IOAccelerator.framework/Versions/A/IOAccelerator
0x00007fff6ca56000 	/System/Library/Frameworks/OpenGL.framework/Versions/A/Libraries/libCoreFSCache.dylib
0x00007fff2168f000 	/System/Library/PrivateFrameworks/LanguageModeling.framework/Versions/A/LanguageModeling
0x00007fff29af6000 	/System/Library/PrivateFrameworks/CoreEmoji.framework/Versions/A/CoreEmoji
0x00007fff2925d000 	/System/Library/PrivateFrameworks/LinguisticData.framework/Versions/A/LinguisticData
0x00007fff20f82000 	/System/Library/PrivateFrameworks/Lexicon.framework/Versions/A/Lexicon
0x00007fff2a839000 	/usr/lib/libcmph.dylib
0x00007fff272f0000 	/System/Library/Frameworks/OpenDirectory.framework/Versions/A/Frameworks/CFOpenDirectory.framework/Versions/A/CFOpenDirectory
0x00007fff272e0000 	/System/Library/Frameworks/OpenDirectory.framework/Versions/A/OpenDirectory
0x00007fff2ada7000 	/System/Library/PrivateFrameworks/APFS.framework/Versions/A/APFS
0x00007fff29e1b000 	/System/Library/Frameworks/SecurityFoundation.framework/Versions/A/SecurityFoundation
0x00007fff2aeb0000 	/usr/lib/libutil.dylib
0x00007fff22c9d000 	/System/Library/PrivateFrameworks/CoreServicesStore.framework/Versions/A/CoreServicesStore
0x00007fff29eb2000 	/System/Library/Frameworks/ServiceManagement.framework/Versions/A/ServiceManagement
0x00007fff2aeb4000 	/usr/lib/libxslt.1.dylib
0x00007fff29ea8000 	/System/Library/PrivateFrameworks/BackgroundTaskManagement.framework/Versions/A/BackgroundTaskManagement
0x00007fff2bea9000 	/System/Library/Frameworks/ImageIO.framework/Versions/A/Resources/libRadiance.dylib
0x00007fff2beb3000 	/System/Library/Frameworks/ImageIO.framework/Versions/A/Resources/libJPEG.dylib
0x00007fff2bdfe000 	/System/Library/Frameworks/ImageIO.framework/Versions/A/Resources/libPng.dylib
0x00007fff2be25000 	/System/Library/Frameworks/ImageIO.framework/Versions/A/Resources/libTIFF.dylib
0x00007fff2bf08000 	/System/Library/Frameworks/ImageIO.framework/Versions/A/Resources/libGIF.dylib
0x00007fff2bb61000 	/System/Library/Frameworks/ImageIO.framework/Versions/A/Resources/libJP2.dylib
0x00007fff2b24b000 	/usr/lib/libexpat.1.dylib
0x00007fff2bb16000 	/System/Library/PrivateFrameworks/AppleJPEG.framework/Versions/A/AppleJPEG
0x00007fff286f7000 	/System/Library/PrivateFrameworks/FontServices.framework/libFontParser.dylib
0x00007fff26385000 	/System/Library/PrivateFrameworks/RunningBoardServices.framework/Versions/A/RunningBoardServices
0x00007fff2bc40000 	/System/Library/PrivateFrameworks/WatchdogClient.framework/Versions/A/WatchdogClient
0x00007fff2177c000 	/System/Library/Frameworks/CoreDisplay.framework/Versions/A/CoreDisplay
0x00007fff2860d000 	/System/Library/Frameworks/CoreMedia.framework/Versions/A/CoreMedia
0x00007fff2746d000 	/System/Library/Frameworks/CoreVideo.framework/Versions/A/CoreVideo
0x00007fff2bc78000 	/System/Library/Frameworks/VideoToolbox.framework/Versions/A/VideoToolbox
0x00007fff26303000 	/System/Library/PrivateFrameworks/BaseBoard.framework/Versions/A/BaseBoard
0x00007fff2b390000 	/System/Library/PrivateFrameworks/PersistentConnection.framework/Versions/A/PersistentConnection
0x00007fff26096000 	/System/Library/PrivateFrameworks/ProtocolBuffer.framework/Versions/A/ProtocolBuffer
0x00007fff262ea000 	/System/Library/PrivateFrameworks/CommonUtilities.framework/Versions/A/CommonUtilities
0x00007fff2baab000 	/System/Library/PrivateFrameworks/Bom.framework/Versions/A/Bom
0x00007fff2bea2000 	/System/Library/PrivateFrameworks/GPUWrangler.framework/Versions/A/GPUWrangler
0x00007fff2be85000 	/System/Library/PrivateFrameworks/IOPresentment.framework/Versions/A/IOPresentment
0x00007fff2bead000 	/System/Library/PrivateFrameworks/DSExternalDisplay.framework/Versions/A/DSExternalDisplay
0x00007fff2bf0d000 	/System/Library/PrivateFrameworks/CMCaptureCore.framework/Versions/A/CMCaptureCore
0x00007fff2b830000 	/System/Library/PrivateFrameworks/AppServerSupport.framework/Versions/A/AppServerSupport
0x00007fff2d8e1000 	/System/Library/PrivateFrameworks/perfdata.framework/Versions/A/perfdata
0x00007fff29e0a000 	/System/Library/PrivateFrameworks/AssertionServices.framework/Versions/A/AssertionServices
0x00007fff218b3000 	/System/Library/PrivateFrameworks/AudioToolboxCore.framework/Versions/A/AudioToolboxCore
0x00007fff285f0000 	/System/Library/PrivateFrameworks/caulk.framework/Versions/A/caulk
0x00007fff3d58c000 	/System/Library/PrivateFrameworks/SystemPolicy.framework/Versions/A/SystemPolicy
0x00007fff2b040000 	/usr/lib/libIOReport.dylib
0x00007fff2d103000 	/usr/lib/libSMC.dylib
0x00007fff2bdcb000 	/usr/lib/libAudioToolboxUtility.dylib
0x00007fff3def6000 	/usr/lib/libmis.dylib
0x00007fff6cab2000 	/System/Library/Frameworks/OpenGL.framework/Versions/A/Libraries/libGLU.dylib
0x00007fff6ca75000 	/System/Library/Frameworks/OpenGL.framework/Versions/A/Libraries/libGFXShared.dylib
0x00007fff6cc84000 	/System/Library/Frameworks/OpenGL.framework/Versions/A/Libraries/libGL.dylib
0x00007fff6ca7e000 	/System/Library/Frameworks/OpenGL.framework/Versions/A/Libraries/libGLImage.dylib
0x00007fff6ca72000 	/System/Library/Frameworks/OpenGL.framework/Versions/A/Libraries/libCVMSPluginSupport.dylib
0x00007fff6ca5d000 	/System/Library/Frameworks/OpenGL.framework/Versions/A/Libraries/libCoreVMClient.dylib
0x00007fff6e0c5000 	/System/Library/Frameworks/OpenCL.framework/Versions/A/OpenCL
0x00007fff2b3ba000 	/System/Library/PrivateFrameworks/GraphVisualizer.framework/Versions/A/GraphVisualizer
0x00007fff2b3c9000 	/System/Library/PrivateFrameworks/FaceCore.framework/Versions/A/FaceCore
0x00007fff2b7e5000 	/System/Library/PrivateFrameworks/OTSVG.framework/Versions/A/OTSVG
0x00007fff27064000 	/System/Library/Frameworks/ApplicationServices.framework/Versions/A/Frameworks/ATS.framework/Versions/A/Resources/libFontRegistry.dylib
0x00007fff2b837000 	/System/Library/PrivateFrameworks/FontServices.framework/libhvf.dylib
0x00007fff2b1f7000 	/System/Library/PrivateFrameworks/AppleVA.framework/Versions/A/AppleVA
0x00007fff2cf4c000 	/System/Library/Frameworks/ApplicationServices.framework/Versions/A/Frameworks/ATS.framework/Versions/A/ATS
0x00007fff2d25e000 	/System/Library/Frameworks/ApplicationServices.framework/Versions/A/Frameworks/ColorSyncLegacy.framework/Versions/A/ColorSyncLegacy
0x00007fff25870000 	/System/Library/Frameworks/ApplicationServices.framework/Versions/A/Frameworks/HIServices.framework/Versions/A/HIServices
0x00007fff2d243000 	/System/Library/Frameworks/ApplicationServices.framework/Versions/A/Frameworks/LangAnalysis.framework/Versions/A/LangAnalysis
0x00007fff2bf17000 	/System/Library/Frameworks/ApplicationServices.framework/Versions/A/Frameworks/PrintCore.framework/Versions/A/PrintCore
0x00007fff2d266000 	/System/Library/Frameworks/ApplicationServices.framework/Versions/A/Frameworks/QD.framework/Versions/A/QD
0x00007fff2cf3c000 	/System/Library/Frameworks/ApplicationServices.framework/Versions/A/Frameworks/SpeechSynthesis.framework/Versions/A/SpeechSynthesis
0x00007fff2bed8000 	/System/Library/Frameworks/ApplicationServices.framework/Versions/A/Frameworks/ATSUI.framework/Versions/A/ATSUI
0x00007fff2d1e3000 	/usr/lib/libcups.2.dylib
0x00007fff2d253000 	/System/Library/PrivateFrameworks/NetAuth.framework/Versions/A/NetAuth
0x00007fff2d8fd000 	/System/Library/Frameworks/Kerberos.framework/Versions/A/Kerberos
0x00007fff2d90d000 	/System/Library/Frameworks/GSS.framework/Versions/A/GSS
0x00007fff2cfb8000 	/usr/lib/libresolv.9.dylib
0x00007fff2b84c000 	/System/Library/PrivateFrameworks/Heimdal.framework/Versions/A/Heimdal
0x00007fff33691000 	/System/Library/Frameworks/Kerberos.framework/Versions/A/Libraries/libHeimdalProxy.dylib
0x00007fff26456000 	/System/Library/Frameworks/Network.framework/Versions/A/Network
0x00007fff2b265000 	/usr/lib/libheimdal-asn1.dylib
0x00007fff2d95d000 	/System/Library/PrivateFrameworks/CommonAuth.framework/Versions/A/CommonAuth
0x00007fff274ba000 	/System/Library/PrivateFrameworks/login.framework/Versions/A/Frameworks/loginsupport.framework/Versions/A/loginsupport
0x00007fff2cec1000 	/System/Library/PrivateFrameworks/AudioSession.framework/Versions/A/AudioSession
0x00007fff2cf29000 	/usr/lib/libAudioStatistics.dylib
0x00007fff2b2f2000 	/System/Library/PrivateFrameworks/MediaExperience.framework/Versions/A/MediaExperience
0x00007fff2cd5e000 	/System/Library/PrivateFrameworks/AudioSession.framework/libSessionUtility.dylib
0x00007fff2d8ee000 	/usr/lib/libperfcheck.dylib
0x00007fff2d272000 	/System/Library/PrivateFrameworks/AudioResourceArbitration.framework/Versions/A/AudioResourceArbitration
0x00007fff2b26f000 	/System/Library/PrivateFrameworks/IconFoundation.framework/Versions/A/IconFoundation
0x00007fff2fd9b000 	/System/Library/PrivateFrameworks/SpeechRecognitionCore.framework/Versions/A/SpeechRecognitionCore
0x00007fff5de8c000 	/System/Library/CoreServices/Encodings/libKoreanConverter.dylib
0x000000010e501000 	/Library/Java/JavaVirtualMachines/jdk-15.0.2.jdk/Contents/Home/lib/server/libjvm.dylib
0x000000010f4be000 	/Library/Java/JavaVirtualMachines/jdk-15.0.2.jdk/Contents/Home/lib/libjimage.dylib
0x000000010f4cc000 	/Library/Java/JavaVirtualMachines/jdk-15.0.2.jdk/Contents/Home/lib/libjdwp.dylib
0x000000010f510000 	/Library/Java/JavaVirtualMachines/jdk-15.0.2.jdk/Contents/Home/lib/libjava.dylib
0x000000010f53b000 	/Library/Java/JavaVirtualMachines/jdk-15.0.2.jdk/Contents/Home/lib/libinstrument.dylib
0x000000011384d000 	/Library/Java/JavaVirtualMachines/jdk-15.0.2.jdk/Contents/Home/lib/libdt_socket.dylib
0x0000000113859000 	/Library/Java/JavaVirtualMachines/jdk-15.0.2.jdk/Contents/Home/lib/libzip.dylib
0x0000000113867000 	/Library/Java/JavaVirtualMachines/jdk-15.0.2.jdk/Contents/Home/lib/libnio.dylib
0x000000011387b000 	/Library/Java/JavaVirtualMachines/jdk-15.0.2.jdk/Contents/Home/lib/libnet.dylib
0x0000000113894000 	/Library/Java/JavaVirtualMachines/jdk-15.0.2.jdk/Contents/Home/lib/libverify.dylib


VM Arguments:
jvm_args: -XX:+ShowCodeDetailsInExceptionMessages -agentlib:jdwp=transport=dt_socket,suspend=y,address=localhost:54263 -javaagent:/Applications/Eclipse.app/Contents/Eclipse/configuration/org.eclipse.osgi/398/0/.cp/lib/javaagent-shaded.jar -Dfile.encoding=UTF-8 
java_command: backjun.Word_study
java_class_path (initial): /Users/user/eclipse-workspace/abc/bin
Launcher Type: SUN_STANDARD

[Global flags]
     intx CICompilerCount                          = 12                                        {product} {ergonomic}
     uint ConcGCThreads                            = 3                                         {product} {ergonomic}
     uint G1ConcRefinementThreads                  = 13                                        {product} {ergonomic}
   size_t G1HeapRegionSize                         = 2097152                                   {product} {ergonomic}
    uintx GCDrainStackTargetSize                   = 64                                        {product} {ergonomic}
   size_t InitialHeapSize                          = 268435456                                 {product} {ergonomic}
   size_t MarkStackSize                            = 4194304                                   {product} {ergonomic}
   size_t MaxHeapSize                              = 4294967296                                {product} {ergonomic}
   size_t MaxNewSize                               = 2575302656                                {product} {ergonomic}
   size_t MinHeapDeltaBytes                        = 2097152                                   {product} {ergonomic}
   size_t MinHeapSize                              = 8388608                                   {product} {ergonomic}
    uintx NonNMethodCodeHeapSize                   = 7602480                                {pd product} {ergonomic}
    uintx NonProfiledCodeHeapSize                  = 122027880                              {pd product} {ergonomic}
    uintx ProfiledCodeHeapSize                     = 122027880                              {pd product} {ergonomic}
    uintx ReservedCodeCacheSize                    = 251658240                              {pd product} {ergonomic}
     bool SegmentedCodeCache                       = true                                      {product} {ergonomic}
     bool ShowCodeDetailsInExceptionMessages       = true                                   {manageable} {command line}
   size_t SoftMaxHeapSize                          = 4294967296                             {manageable} {ergonomic}
     bool UseCompressedClassPointers               = true                                 {lp64_product} {ergonomic}
     bool UseCompressedOops                        = true                                 {lp64_product} {ergonomic}
     bool UseG1GC                                  = true                                      {product} {ergonomic}
     bool UseNUMA                                  = false                                     {product} {ergonomic}
     bool UseNUMAInterleaving                      = false                                     {product} {ergonomic}

Logging:
Log output configuration:
 #0: stdout all=warning uptime,level,tags
 #1: stderr all=off uptime,level,tags

Environment Variables:
PATH=/usr/bin:/bin:/usr/sbin:/sbin
SHELL=/bin/zsh

Signal Handlers:
SIGSEGV: [libjvm.dylib+0x9ff2f0], sa_mask[0]=11111111011111110111111111111111, sa_flags=SA_ONSTACK|SA_RESTART|SA_SIGINFO
SIGBUS: [libjvm.dylib+0x9ff2f0], sa_mask[0]=11111111011111110111111111111111, sa_flags=SA_RESTART|SA_SIGINFO
SIGFPE: [libjvm.dylib+0x9ff2f0], sa_mask[0]=11111111011111110111111111111111, sa_flags=SA_RESTART|SA_SIGINFO
SIGPIPE: [libjvm.dylib+0x82ae30], sa_mask[0]=11111111011111110111111111111111, sa_flags=SA_RESTART|SA_SIGINFO
SIGXFSZ: [libjvm.dylib+0x82ae30], sa_mask[0]=11111111011111110111111111111111, sa_flags=SA_RESTART|SA_SIGINFO
SIGILL: [libjvm.dylib+0x9ff2f0], sa_mask[0]=11111111011111110111111111111111, sa_flags=SA_RESTART|SA_SIGINFO
SIGUSR2: [libjvm.dylib+0x82b940], sa_mask[0]=00100000000000000000000000000000, sa_flags=SA_RESTART|SA_SIGINFO
SIGHUP: [libjvm.dylib+0x82a040], sa_mask[0]=11111111011111110111111111111111, sa_flags=SA_RESTART|SA_SIGINFO
SIGINT: [libjvm.dylib+0x82a040], sa_mask[0]=11111111011111110111111111111111, sa_flags=SA_RESTART|SA_SIGINFO
SIGTERM: [libjvm.dylib+0x82a040], sa_mask[0]=11111111011111110111111111111111, sa_flags=SA_RESTART|SA_SIGINFO
SIGQUIT: [libjvm.dylib+0x82a040], sa_mask[0]=11111111011111110111111111111111, sa_flags=SA_RESTART|SA_SIGINFO


---------------  S Y S T E M  ---------------

OS:uname: Darwin 20.3.0 Darwin Kernel Version 20.3.0: Thu Jan 21 00:07:06 PST 2021; root:xnu-7195.81.3~1/RELEASE_X86_64 x86_64
OS uptime: 1 days 11:59 hours
rlimit (soft/hard): STACK 8192k/65532k , CORE 0k/infinity , NPROC 2784/4176 , NOFILE 10240/infinity , AS infinity/infinity , CPU infinity/infinity , DATA infinity/infinity , FSIZE infinity/infinity , MEMLOCK infinity/infinity , RSS infinity/infinity
load average: 2.78 2.07 1.89

CPU: total 16 (initial active 16) (8 cores per cpu, 2 threads per core) family 6 model 158 stepping 13 microcode 0xde, cmov, cx8, fxsr, mmx, sse, sse2, sse3, ssse3, sse4.1, sse4.2, popcnt, vzeroupper, avx, avx2, aes, clmul, erms, 3dnowpref, lzcnt, ht, tsc, tscinvbit, bmi1, bmi2, adx, fma, clflush, clflushopt

Memory: 4k page, physical 16777216k(291176k free), swap 3145728k(1617920k free)

vm_info: Java HotSpot(TM) 64-Bit Server VM (15.0.2+7-27) for bsd-amd64 JRE (15.0.2+7-27), built on Dec  7 2020 20:08:32 by "mach5one" with clang 4.2.1 Compatible Apple LLVM 10.0.0 (clang-1000.11.45.5)

END.
